# JRE version: OpenJDK Runtime Environment Temurin-21.0.6+7 (21.0.6+7) (build 21.0.6+7-LTS)
# Java VM: OpenJDK 64-Bit Server VM Temurin-21.0.6+7 (21.0.6+7-LTS, mixed mode, emulated-client, sharing, tiered, compressed oops, compressed class ptrs, g1 gc, windows-amd64)
GC Precious Log:
 CardTable entry size: 512
 Card Set container configuration: InlinePtr #cards 4 size 8 Array Of Cards #cards 16 size 48 Howl #buckets 8 coarsen threshold 3686 Howl Bitmap #cards 512 size 80 coarsen threshold 460 Card regions per heap region 1 cards per card region 4096
 CPUs: 12 total, 12 available
 Memory: 16107M
 Large Page Support: Disabled
 NUMA Support: Disabled
 Compressed Oops: Enabled (Zero based)
 Heap Region Size: 2M
 Heap Min Capacity: 8M
 Heap Initial Capacity: 252M
 Heap Max Capacity: 4028M
 Pre-touch: Disabled
 Parallel Workers: 10
 Concurrent Workers: 3
 Concurrent Refinement Workers: 10
 Periodic GC: Disabled
Heap:
 garbage-first heap   total 55296K, used 35615K [0x0000000704400000, 0x0000000800000000)
  region size 2048K, 11 young (22528K), 0 survivors (0K)
 Metaspace       used 36146K, committed 36800K, reserved 1114112K
  class space    used 4801K, committed 5120K, reserved 1048576K
GC Heap History (20 events):
Event: 0.886 GC heap before
{Heap before GC invocations=0 (full 0):
 garbage-first heap   total 258048K, used 22528K [0x0000000704400000, 0x0000000800000000)
  region size 2048K, 11 young (22528K), 0 survivors (0K)
 Metaspace       used 6705K, committed 6848K, reserved 1114112K
  class space    used 742K, committed 832K, reserved 1048576K
}
Event: 0.893 GC heap after
{Heap after GC invocations=1 (full 0):
 garbage-first heap   total 258048K, used 4269K [0x0000000704400000, 0x0000000800000000)
  region size 2048K, 2 young (4096K), 2 survivors (4096K)
 Metaspace       used 6705K, committed 6848K, reserved 1114112K
  class space    used 742K, committed 832K, reserved 1048576K
}
Event: 1.386 GC heap before
{Heap before GC invocations=1 (full 0):
 garbage-first heap   total 258048K, used 34989K [0x0000000704400000, 0x0000000800000000)
  region size 2048K, 18 young (36864K), 2 survivors (4096K)
 Metaspace       used 10419K, committed 10688K, reserved 1114112K
  class space    used 1240K, committed 1344K, reserved 1048576K
}
Event: 1.395 GC heap after
{Heap after GC invocations=2 (full 0):
 garbage-first heap   total 258048K, used 6316K [0x0000000704400000, 0x0000000800000000)
  region size 2048K, 1 young (2048K), 1 survivors (2048K)
 Metaspace       used 10419K, committed 10688K, reserved 1114112K
  class space    used 1240K, committed 1344K, reserved 1048576K
}
Event: 2.203 GC heap before
{Heap before GC invocations=2 (full 0):
 garbage-first heap   total 258048K, used 73900K [0x0000000704400000, 0x0000000800000000)
  region size 2048K, 36 young (73728K), 1 survivors (2048K)
 Metaspace       used 17117K, committed 17536K, reserved 1114112K
  class space    used 2182K, committed 2368K, reserved 1048576K
}
Event: 2.207 GC heap after
{Heap after GC invocations=3 (full 0):
 garbage-first heap   total 258048K, used 8462K [0x0000000704400000, 0x0000000800000000)
  region size 2048K, 3 young (6144K), 3 survivors (6144K)
 Metaspace       used 17117K, committed 17536K, reserved 1114112K
  class space    used 2182K, committed 2368K, reserved 1048576K
}
Event: 2.316 GC heap before
{Heap before GC invocations=4 (full 0):
 garbage-first heap   total 40960K, used 37134K [0x0000000704400000, 0x0000000800000000)
  region size 2048K, 17 young (34816K), 3 survivors (6144K)
 Metaspace       used 19427K, committed 19840K, reserved 1114112K
  class space    used 2485K, committed 2688K, reserved 1048576K
}
Event: 2.320 GC heap after
{Heap after GC invocations=5 (full 0):
 garbage-first heap   total 47104K, used 8700K [0x0000000704400000, 0x0000000800000000)
  region size 2048K, 3 young (6144K), 3 survivors (6144K)
 Metaspace       used 19427K, committed 19840K, reserved 1114112K
  class space    used 2485K, committed 2688K, reserved 1048576K
}
Event: 2.413 GC heap before
{Heap before GC invocations=5 (full 0):
 garbage-first heap   total 47104K, used 29180K [0x0000000704400000, 0x0000000800000000)
  region size 2048K, 13 young (26624K), 3 survivors (6144K)
 Metaspace       used 21076K, committed 21568K, reserved 1114112K
  class space    used 2719K, committed 2944K, reserved 1048576K
}
Event: 2.418 GC heap after
{Heap after GC invocations=6 (full 0):
 garbage-first heap   total 47104K, used 9748K [0x0000000704400000, 0x0000000800000000)
  region size 2048K, 1 young (2048K), 1 survivors (2048K)
 Metaspace       used 21076K, committed 21568K, reserved 1114112K
  class space    used 2719K, committed 2944K, reserved 1048576K
}
Event: 2.783 GC heap before
{Heap before GC invocations=6 (full 0):
 garbage-first heap   total 47104K, used 32276K [0x0000000704400000, 0x0000000800000000)
  region size 2048K, 13 young (26624K), 1 survivors (2048K)
 Metaspace       used 22230K, committed 22720K, reserved 1114112K
  class space    used 2901K, committed 3136K, reserved 1048576K
}
Event: 2.788 GC heap after
{Heap after GC invocations=7 (full 0):
 garbage-first heap   total 153600K, used 11207K [0x0000000704400000, 0x0000000800000000)
  region size 2048K, 2 young (4096K), 2 survivors (4096K)
 Metaspace       used 22230K, committed 22720K, reserved 1114112K
  class space    used 2901K, committed 3136K, reserved 1048576K
}
Event: 3.994 GC heap before
{Heap before GC invocations=7 (full 0):
 garbage-first heap   total 153600K, used 86983K [0x0000000704400000, 0x0000000800000000)
  region size 2048K, 41 young (83968K), 2 survivors (4096K)
 Metaspace       used 28815K, committed 29376K, reserved 1114112K
  class space    used 3776K, committed 4096K, reserved 1048576K
}
Event: 4.003 GC heap after
{Heap after GC invocations=8 (full 0):
 garbage-first heap   total 153600K, used 14144K [0x0000000704400000, 0x0000000800000000)
  region size 2048K, 3 young (6144K), 3 survivors (6144K)
 Metaspace       used 28815K, committed 29376K, reserved 1114112K
  class space    used 3776K, committed 4096K, reserved 1048576K
}
Event: 4.517 GC heap before
{Heap before GC invocations=9 (full 0):
 garbage-first heap   total 49152K, used 48960K [0x0000000704400000, 0x0000000800000000)
  region size 2048K, 20 young (40960K), 3 survivors (6144K)
 Metaspace       used 31548K, committed 32192K, reserved 1114112K
  class space    used 4173K, committed 4480K, reserved 1048576K
}
Event: 4.527 GC heap after
{Heap after GC invocations=10 (full 0):
 garbage-first heap   total 59392K, used 16290K [0x0000000704400000, 0x0000000800000000)
  region size 2048K, 5 young (10240K), 5 survivors (10240K)
 Metaspace       used 31548K, committed 32192K, reserved 1114112K
  class space    used 4173K, committed 4480K, reserved 1048576K
}
Event: 23.023 GC heap before
{Heap before GC invocations=10 (full 0):
 garbage-first heap   total 59392K, used 40866K [0x0000000704400000, 0x0000000800000000)
  region size 2048K, 17 young (34816K), 5 survivors (10240K)
 Metaspace       used 33771K, committed 34432K, reserved 1114112K
  class space    used 4486K, committed 4800K, reserved 1048576K
}
Event: 23.034 GC heap after
{Heap after GC invocations=11 (full 0):
 garbage-first heap   total 59392K, used 17163K [0x0000000704400000, 0x0000000800000000)
  region size 2048K, 2 young (4096K), 2 survivors (4096K)
 Metaspace       used 33771K, committed 34432K, reserved 1114112K
  class space    used 4486K, committed 4800K, reserved 1048576K
}
Event: 85.163 GC heap before
{Heap before GC invocations=11 (full 0):
 garbage-first heap   total 59392K, used 37643K [0x0000000704400000, 0x0000000800000000)
  region size 2048K, 13 young (26624K), 2 survivors (4096K)
 Metaspace       used 36104K, committed 36800K, reserved 1114112K
  class space    used 4793K, committed 5120K, reserved 1048576K
}
Event: 85.199 GC heap after
{Heap after GC invocations=12 (full 1):
 garbage-first heap   total 55296K, used 15135K [0x0000000704400000, 0x0000000800000000)
  region size 2048K, 0 young (0K), 0 survivors (0K)
 Metaspace       used 36104K, committed 36800K, reserved 1114112K
  class space    used 4793K, committed 5120K, reserved 1048576K
}

